<?xml version="1.0" encoding="UTF-8"?>
<!-- Generated by org.testng.reporters.JUnitXMLReporter -->
<testsuite ignored="0" hostname="DESKTOP-077G3EM" failures="1" tests="2" name="RingPay" time="12.772" errors="0" timestamp="2023-01-31T11:48:03 IST">
  <testcase classname="com.RingPay.TestScripts.RingPayTestScripts" name="@BeforeTest Before" time="2.641">
    <skipped/>
  </testcase> <!-- @BeforeTest Before -->
  <testcase classname="com.RingPay.TestScripts.RingPayTestScripts" name="@AfterTest ringAppQuit" time="-1.67514588312E9">
    <skipped/>
  </testcase> <!-- @AfterTest ringAppQuit -->
  <testcase classname="com.RingPay.TestScripts.RingPayTestScripts" name="ringPolicy_TC_47" time="0.0">
    <skipped/>
  </testcase> <!-- ringPolicy_TC_47 -->
  <testcase classname="com.RingPay.TestScripts.RingPayTestScripts" name="ringPolicy_TC_47" time="0.425">
    <failure type="java.lang.IllegalArgumentException" message="nodeName cannot be null or empty">
      <![CDATA[java.lang.IllegalArgumentException: nodeName cannot be null or empty
at com.aventstack.extentreports.ExtentTest.createNode(ExtentTest.java:166)
at com.aventstack.extentreports.ExtentTest.createNode(ExtentTest.java:274)
at com.extent.ExtentReporter.HeaderChildNode(ExtentReporter.java:259)
at com.extent.ExtentReporter.onTestSkipped(ExtentReporter.java:249)
at java.base/java.util.ArrayList.forEach(ArrayList.java:1511)
... Removed 25 stack frames]]>
    </failure>
  </testcase> <!-- ringPolicy_TC_47 -->
</testsuite> <!-- RingPay -->
