<?xml version="1.0" encoding="UTF-8"?>
<testng-results ignored="0" total="1" passed="1" failed="0" skipped="0">
  <reporter-output>
  </reporter-output>
  <suite started-at="2023-01-30T14:02:36 IST" name="Android" finished-at="2023-01-30T14:08:56 IST" duration-ms="379872">
    <groups>
    </groups>
    <test started-at="2023-01-30T14:02:36 IST" name="RingPay" finished-at="2023-01-30T14:08:56 IST" duration-ms="379872">
      <class name="com.RingPay.TestScripts.RingPayTestScripts">
        <test-method is-config="true" signature="Before()[pri:0, instance:com.RingPay.TestScripts.RingPayTestScripts@6722db6e]" started-at="2023-01-30T14:02:46 IST" name="Before" finished-at="2023-01-30T14:02:56 IST" duration-ms="10473" status="PASS">
          <reporter-output>
          </reporter-output>
        </test-method> <!-- Before -->
        <test-method signature="ringPolicy_TC_56()[pri:84, instance:com.RingPay.TestScripts.RingPayTestScripts@6722db6e]" started-at="2023-01-30T14:02:56 IST" name="ringPolicy_TC_56" finished-at="2023-01-30T14:08:55 IST" duration-ms="358795" status="PASS">
          <reporter-output>
          </reporter-output>
        </test-method> <!-- ringPolicy_TC_56 -->
        <test-method is-config="true" signature="ringAppQuit()[pri:0, instance:com.RingPay.TestScripts.RingPayTestScripts@6722db6e]" started-at="2023-01-30T14:08:56 IST" name="ringAppQuit" finished-at="2023-01-30T14:08:56 IST" duration-ms="330" status="PASS">
          <reporter-output>
          </reporter-output>
        </test-method> <!-- ringAppQuit -->
      </class> <!-- com.RingPay.TestScripts.RingPayTestScripts -->
    </test> <!-- RingPay -->
  </suite> <!-- Android -->
</testng-results>
